2021-07-13 16:48:58 INFO  com.tampro.Elasticsearch01Application - Starting Elasticsearch01Application using Java 15.0.1 on Admin with PID 10044 (D:\elasticsearch-01\Elasticsearch-01\bin\main started by Admin in D:\elasticsearch-01\Elasticsearch-01)
2021-07-13 16:48:58 INFO  com.tampro.Elasticsearch01Application - No active profile set, falling back to default profiles: default
2021-07-13 16:49:00 INFO  com.tampro.Elasticsearch01Application - Started Elasticsearch01Application in 2.095 seconds (JVM running for 3.075)
2021-07-13 16:49:08 INFO  c.t.api.controllers.ProductController - get message successfully
2021-07-13 20:37:21 INFO  com.tampro.Elasticsearch01Application - Starting Elasticsearch01Application using Java 15.0.1 on Admin with PID 11704 (D:\elasticsearch-01\Elasticsearch-01\bin\main started by Admin in D:\elasticsearch-01\Elasticsearch-01)
2021-07-13 20:37:21 INFO  com.tampro.Elasticsearch01Application - No active profile set, falling back to default profiles: default
2021-07-13 20:37:22 INFO  com.tampro.Elasticsearch01Application - Started Elasticsearch01Application in 2.102 seconds (JVM running for 3.804)
2021-07-13 20:38:07 INFO  com.tampro.Elasticsearch01Application - Starting Elasticsearch01Application using Java 15.0.1 on Admin with PID 11704 (D:\elasticsearch-01\Elasticsearch-01\bin\main started by Admin in D:\elasticsearch-01\Elasticsearch-01)
2021-07-13 20:38:07 INFO  com.tampro.Elasticsearch01Application - No active profile set, falling back to default profiles: default
2021-07-13 20:38:07 INFO  com.tampro.Elasticsearch01Application - Started Elasticsearch01Application in 0.386 seconds (JVM running for 48.431)
2021-07-13 20:38:44 INFO  com.tampro.Elasticsearch01Application - Starting Elasticsearch01Application using Java 15.0.1 on Admin with PID 11704 (D:\elasticsearch-01\Elasticsearch-01\bin\main started by Admin in D:\elasticsearch-01\Elasticsearch-01)
2021-07-13 20:38:44 INFO  com.tampro.Elasticsearch01Application - No active profile set, falling back to default profiles: default
2021-07-13 20:38:44 INFO  com.tampro.Elasticsearch01Application - Started Elasticsearch01Application in 0.379 seconds (JVM running for 85.833)
2021-07-13 20:39:02 INFO  com.tampro.Elasticsearch01Application - Starting Elasticsearch01Application using Java 15.0.1 on Admin with PID 11704 (D:\elasticsearch-01\Elasticsearch-01\bin\main started by Admin in D:\elasticsearch-01\Elasticsearch-01)
2021-07-13 20:39:02 INFO  com.tampro.Elasticsearch01Application - No active profile set, falling back to default profiles: default
2021-07-13 20:39:02 INFO  com.tampro.Elasticsearch01Application - Started Elasticsearch01Application in 0.423 seconds (JVM running for 103.966)
2021-07-13 20:39:07 INFO  com.tampro.Elasticsearch01Application - Starting Elasticsearch01Application using Java 15.0.1 on Admin with PID 11704 (D:\elasticsearch-01\Elasticsearch-01\bin\main started by Admin in D:\elasticsearch-01\Elasticsearch-01)
2021-07-13 20:39:07 INFO  com.tampro.Elasticsearch01Application - No active profile set, falling back to default profiles: default
2021-07-13 20:39:07 INFO  com.tampro.Elasticsearch01Application - Started Elasticsearch01Application in 0.327 seconds (JVM running for 108.838)
2021-07-13 20:41:48 INFO  com.tampro.Elasticsearch01Application - Starting Elasticsearch01Application using Java 15.0.1 on Admin with PID 11704 (D:\elasticsearch-01\Elasticsearch-01\bin\main started by Admin in D:\elasticsearch-01\Elasticsearch-01)
2021-07-13 20:41:48 INFO  com.tampro.Elasticsearch01Application - No active profile set, falling back to default profiles: default
2021-07-13 20:41:48 INFO  com.tampro.Elasticsearch01Application - Started Elasticsearch01Application in 0.311 seconds (JVM running for 269.936)
2021-07-13 20:42:07 INFO  com.tampro.Elasticsearch01Application - Starting Elasticsearch01Application using Java 15.0.1 on Admin with PID 11704 (D:\elasticsearch-01\Elasticsearch-01\bin\main started by Admin in D:\elasticsearch-01\Elasticsearch-01)
2021-07-13 20:42:07 INFO  com.tampro.Elasticsearch01Application - No active profile set, falling back to default profiles: default
2021-07-13 20:42:07 INFO  com.tampro.Elasticsearch01Application - Started Elasticsearch01Application in 0.317 seconds (JVM running for 288.805)
2021-07-13 20:42:10 INFO  com.tampro.Elasticsearch01Application - Starting Elasticsearch01Application using Java 15.0.1 on Admin with PID 11704 (D:\elasticsearch-01\Elasticsearch-01\bin\main started by Admin in D:\elasticsearch-01\Elasticsearch-01)
2021-07-13 20:42:10 INFO  com.tampro.Elasticsearch01Application - No active profile set, falling back to default profiles: default
2021-07-13 20:42:10 INFO  com.tampro.Elasticsearch01Application - Started Elasticsearch01Application in 0.308 seconds (JVM running for 291.577)
2021-07-13 20:42:18 INFO  com.tampro.Elasticsearch01Application - Starting Elasticsearch01Application using Java 15.0.1 on Admin with PID 11704 (D:\elasticsearch-01\Elasticsearch-01\bin\main started by Admin in D:\elasticsearch-01\Elasticsearch-01)
2021-07-13 20:42:18 INFO  com.tampro.Elasticsearch01Application - No active profile set, falling back to default profiles: default
2021-07-13 20:42:18 INFO  com.tampro.Elasticsearch01Application - Started Elasticsearch01Application in 0.272 seconds (JVM running for 299.35)
2021-07-13 20:42:26 INFO  com.tampro.Elasticsearch01Application - Starting Elasticsearch01Application using Java 15.0.1 on Admin with PID 11704 (D:\elasticsearch-01\Elasticsearch-01\bin\main started by Admin in D:\elasticsearch-01\Elasticsearch-01)
2021-07-13 20:42:26 INFO  com.tampro.Elasticsearch01Application - No active profile set, falling back to default profiles: default
2021-07-13 20:42:27 INFO  com.tampro.Elasticsearch01Application - Started Elasticsearch01Application in 0.34 seconds (JVM running for 308.252)
2021-07-13 20:42:38 INFO  com.tampro.Elasticsearch01Application - Starting Elasticsearch01Application using Java 15.0.1 on Admin with PID 11704 (D:\elasticsearch-01\Elasticsearch-01\bin\main started by Admin in D:\elasticsearch-01\Elasticsearch-01)
2021-07-13 20:42:38 INFO  com.tampro.Elasticsearch01Application - No active profile set, falling back to default profiles: default
2021-07-13 20:42:39 INFO  com.tampro.Elasticsearch01Application - Started Elasticsearch01Application in 0.343 seconds (JVM running for 320.201)
2021-07-13 20:44:12 INFO  c.t.api.controllers.CarRestController - The car is : Car [brand=Toyota, color=red, type=sedan]
2021-07-13 20:46:26 INFO  com.tampro.Elasticsearch01Application - Starting Elasticsearch01Application using Java 15.0.1 on Admin with PID 11704 (D:\elasticsearch-01\Elasticsearch-01\bin\main started by Admin in D:\elasticsearch-01\Elasticsearch-01)
2021-07-13 20:46:26 INFO  com.tampro.Elasticsearch01Application - No active profile set, falling back to default profiles: default
2021-07-13 20:46:26 INFO  com.tampro.Elasticsearch01Application - Started Elasticsearch01Application in 0.299 seconds (JVM running for 547.307)
2021-07-13 20:46:40 INFO  com.tampro.Elasticsearch01Application - Starting Elasticsearch01Application using Java 15.0.1 on Admin with PID 11704 (D:\elasticsearch-01\Elasticsearch-01\bin\main started by Admin in D:\elasticsearch-01\Elasticsearch-01)
2021-07-13 20:46:40 INFO  com.tampro.Elasticsearch01Application - No active profile set, falling back to default profiles: default
2021-07-13 20:46:40 INFO  com.tampro.Elasticsearch01Application - Started Elasticsearch01Application in 0.356 seconds (JVM running for 561.373)
2021-07-13 20:46:43 INFO  com.tampro.Elasticsearch01Application - Starting Elasticsearch01Application using Java 15.0.1 on Admin with PID 11704 (D:\elasticsearch-01\Elasticsearch-01\bin\main started by Admin in D:\elasticsearch-01\Elasticsearch-01)
2021-07-13 20:46:43 INFO  com.tampro.Elasticsearch01Application - No active profile set, falling back to default profiles: default
2021-07-13 20:46:44 INFO  com.tampro.Elasticsearch01Application - Started Elasticsearch01Application in 0.292 seconds (JVM running for 565.151)
2021-07-13 20:48:12 INFO  com.tampro.Elasticsearch01Application - Starting Elasticsearch01Application using Java 15.0.1 on Admin with PID 11704 (D:\elasticsearch-01\Elasticsearch-01\bin\main started by Admin in D:\elasticsearch-01\Elasticsearch-01)
2021-07-13 20:48:12 INFO  com.tampro.Elasticsearch01Application - No active profile set, falling back to default profiles: default
2021-07-13 20:48:12 INFO  com.tampro.Elasticsearch01Application - Started Elasticsearch01Application in 0.288 seconds (JVM running for 653.277)
2021-07-13 20:48:39 INFO  com.tampro.Elasticsearch01Application - Starting Elasticsearch01Application using Java 15.0.1 on Admin with PID 11704 (D:\elasticsearch-01\Elasticsearch-01\bin\main started by Admin in D:\elasticsearch-01\Elasticsearch-01)
2021-07-13 20:48:39 INFO  com.tampro.Elasticsearch01Application - No active profile set, falling back to default profiles: default
2021-07-13 20:48:39 INFO  com.tampro.Elasticsearch01Application - Started Elasticsearch01Application in 0.427 seconds (JVM running for 680.603)
2021-07-13 20:48:56 INFO  com.tampro.Elasticsearch01Application - Starting Elasticsearch01Application using Java 15.0.1 on Admin with PID 11704 (D:\elasticsearch-01\Elasticsearch-01\bin\main started by Admin in D:\elasticsearch-01\Elasticsearch-01)
2021-07-13 20:48:56 INFO  com.tampro.Elasticsearch01Application - No active profile set, falling back to default profiles: default
2021-07-13 20:48:56 INFO  com.tampro.Elasticsearch01Application - Started Elasticsearch01Application in 0.28 seconds (JVM running for 697.651)
2021-07-13 20:49:40 INFO  com.tampro.Elasticsearch01Application - Starting Elasticsearch01Application using Java 15.0.1 on Admin with PID 11704 (D:\elasticsearch-01\Elasticsearch-01\bin\main started by Admin in D:\elasticsearch-01\Elasticsearch-01)
2021-07-13 20:49:40 INFO  com.tampro.Elasticsearch01Application - No active profile set, falling back to default profiles: default
2021-07-13 20:49:41 INFO  com.tampro.Elasticsearch01Application - Started Elasticsearch01Application in 0.273 seconds (JVM running for 742.08)
2021-07-13 20:49:49 INFO  com.tampro.Elasticsearch01Application - Starting Elasticsearch01Application using Java 15.0.1 on Admin with PID 11704 (D:\elasticsearch-01\Elasticsearch-01\bin\main started by Admin in D:\elasticsearch-01\Elasticsearch-01)
2021-07-13 20:49:49 INFO  com.tampro.Elasticsearch01Application - No active profile set, falling back to default profiles: default
2021-07-13 20:49:50 INFO  com.tampro.Elasticsearch01Application - Started Elasticsearch01Application in 0.328 seconds (JVM running for 751.023)
2021-07-13 20:50:36 INFO  com.tampro.Elasticsearch01Application - Starting Elasticsearch01Application using Java 15.0.1 on Admin with PID 11704 (D:\elasticsearch-01\Elasticsearch-01\bin\main started by Admin in D:\elasticsearch-01\Elasticsearch-01)
2021-07-13 20:50:36 INFO  com.tampro.Elasticsearch01Application - No active profile set, falling back to default profiles: default
2021-07-13 20:50:36 INFO  com.tampro.Elasticsearch01Application - Started Elasticsearch01Application in 0.278 seconds (JVM running for 797.592)
2021-07-13 20:50:48 INFO  com.tampro.Elasticsearch01Application - Starting Elasticsearch01Application using Java 15.0.1 on Admin with PID 11704 (D:\elasticsearch-01\Elasticsearch-01\bin\main started by Admin in D:\elasticsearch-01\Elasticsearch-01)
2021-07-13 20:50:48 INFO  com.tampro.Elasticsearch01Application - No active profile set, falling back to default profiles: default
2021-07-13 20:50:48 INFO  com.tampro.Elasticsearch01Application - Started Elasticsearch01Application in 0.271 seconds (JVM running for 809.499)
2021-07-13 20:51:47 INFO  com.tampro.Elasticsearch01Application - Starting Elasticsearch01Application using Java 15.0.1 on Admin with PID 11704 (D:\elasticsearch-01\Elasticsearch-01\bin\main started by Admin in D:\elasticsearch-01\Elasticsearch-01)
2021-07-13 20:51:47 INFO  com.tampro.Elasticsearch01Application - No active profile set, falling back to default profiles: default
2021-07-13 20:51:48 INFO  com.tampro.Elasticsearch01Application - Started Elasticsearch01Application in 0.264 seconds (JVM running for 869.118)
2021-07-13 20:52:09 INFO  com.tampro.Elasticsearch01Application - Starting Elasticsearch01Application using Java 15.0.1 on Admin with PID 11704 (D:\elasticsearch-01\Elasticsearch-01\bin\main started by Admin in D:\elasticsearch-01\Elasticsearch-01)
2021-07-13 20:52:09 INFO  com.tampro.Elasticsearch01Application - No active profile set, falling back to default profiles: default
2021-07-13 20:52:10 INFO  com.tampro.Elasticsearch01Application - Started Elasticsearch01Application in 0.27 seconds (JVM running for 891.204)
2021-07-13 20:52:12 INFO  com.tampro.Elasticsearch01Application - Starting Elasticsearch01Application using Java 15.0.1 on Admin with PID 11704 (D:\elasticsearch-01\Elasticsearch-01\bin\main started by Admin in D:\elasticsearch-01\Elasticsearch-01)
2021-07-13 20:52:12 INFO  com.tampro.Elasticsearch01Application - No active profile set, falling back to default profiles: default
2021-07-13 20:52:13 INFO  com.tampro.Elasticsearch01Application - Started Elasticsearch01Application in 0.269 seconds (JVM running for 894.011)
2021-07-13 20:53:57 INFO  com.tampro.Elasticsearch01Application - Starting Elasticsearch01Application using Java 15.0.1 on Admin with PID 11704 (D:\elasticsearch-01\Elasticsearch-01\bin\main started by Admin in D:\elasticsearch-01\Elasticsearch-01)
2021-07-13 20:53:57 INFO  com.tampro.Elasticsearch01Application - No active profile set, falling back to default profiles: default
2021-07-13 20:53:57 INFO  com.tampro.Elasticsearch01Application - Started Elasticsearch01Application in 0.334 seconds (JVM running for 998.545)
2021-07-13 20:53:59 INFO  com.tampro.Elasticsearch01Application - Starting Elasticsearch01Application using Java 15.0.1 on Admin with PID 11704 (D:\elasticsearch-01\Elasticsearch-01\bin\main started by Admin in D:\elasticsearch-01\Elasticsearch-01)
2021-07-13 20:53:59 INFO  com.tampro.Elasticsearch01Application - No active profile set, falling back to default profiles: default
2021-07-13 20:53:59 INFO  com.tampro.Elasticsearch01Application - Started Elasticsearch01Application in 0.284 seconds (JVM running for 1000.304)
2021-07-13 20:55:25 INFO  com.tampro.Elasticsearch01Application - Starting Elasticsearch01Application using Java 15.0.1 on Admin with PID 11704 (D:\elasticsearch-01\Elasticsearch-01\bin\main started by Admin in D:\elasticsearch-01\Elasticsearch-01)
2021-07-13 20:55:25 INFO  com.tampro.Elasticsearch01Application - No active profile set, falling back to default profiles: default
2021-07-13 20:55:25 INFO  com.tampro.Elasticsearch01Application - Started Elasticsearch01Application in 0.259 seconds (JVM running for 1086.43)
2021-07-13 20:56:19 INFO  com.tampro.Elasticsearch01Application - Starting Elasticsearch01Application using Java 15.0.1 on Admin with PID 11704 (D:\elasticsearch-01\Elasticsearch-01\bin\main started by Admin in D:\elasticsearch-01\Elasticsearch-01)
2021-07-13 20:56:19 INFO  com.tampro.Elasticsearch01Application - No active profile set, falling back to default profiles: default
2021-07-13 20:56:20 INFO  com.tampro.Elasticsearch01Application - Started Elasticsearch01Application in 0.254 seconds (JVM running for 1140.98)
2021-07-13 20:56:25 INFO  com.tampro.Elasticsearch01Application - Starting Elasticsearch01Application using Java 15.0.1 on Admin with PID 11704 (D:\elasticsearch-01\Elasticsearch-01\bin\main started by Admin in D:\elasticsearch-01\Elasticsearch-01)
2021-07-13 20:56:25 INFO  com.tampro.Elasticsearch01Application - No active profile set, falling back to default profiles: default
2021-07-13 20:56:25 INFO  com.tampro.Elasticsearch01Application - Started Elasticsearch01Application in 0.257 seconds (JVM running for 1146.765)
2021-07-13 20:57:00 INFO  com.tampro.Elasticsearch01Application - Starting Elasticsearch01Application using Java 15.0.1 on Admin with PID 11704 (D:\elasticsearch-01\Elasticsearch-01\bin\main started by Admin in D:\elasticsearch-01\Elasticsearch-01)
2021-07-13 20:57:00 INFO  com.tampro.Elasticsearch01Application - No active profile set, falling back to default profiles: default
2021-07-13 20:57:01 INFO  com.tampro.Elasticsearch01Application - Started Elasticsearch01Application in 0.29 seconds (JVM running for 1182.075)
2021-07-13 20:58:16 INFO  com.tampro.Elasticsearch01Application - Starting Elasticsearch01Application using Java 15.0.1 on Admin with PID 11704 (D:\elasticsearch-01\Elasticsearch-01\bin\main started by Admin in D:\elasticsearch-01\Elasticsearch-01)
2021-07-13 20:58:16 INFO  com.tampro.Elasticsearch01Application - No active profile set, falling back to default profiles: default
2021-07-13 20:58:16 INFO  com.tampro.Elasticsearch01Application - Started Elasticsearch01Application in 0.288 seconds (JVM running for 1257.91)
2021-07-13 20:58:22 INFO  com.tampro.Elasticsearch01Application - Starting Elasticsearch01Application using Java 15.0.1 on Admin with PID 11704 (D:\elasticsearch-01\Elasticsearch-01\bin\main started by Admin in D:\elasticsearch-01\Elasticsearch-01)
2021-07-13 20:58:22 INFO  com.tampro.Elasticsearch01Application - No active profile set, falling back to default profiles: default
2021-07-13 20:58:22 INFO  com.tampro.Elasticsearch01Application - Started Elasticsearch01Application in 0.318 seconds (JVM running for 1263.76)
2021-07-13 20:58:59 INFO  com.tampro.Elasticsearch01Application - Starting Elasticsearch01Application using Java 15.0.1 on Admin with PID 11704 (D:\elasticsearch-01\Elasticsearch-01\bin\main started by Admin in D:\elasticsearch-01\Elasticsearch-01)
2021-07-13 20:58:59 INFO  com.tampro.Elasticsearch01Application - No active profile set, falling back to default profiles: default
2021-07-13 20:59:00 INFO  com.tampro.Elasticsearch01Application - Started Elasticsearch01Application in 0.27 seconds (JVM running for 1301.072)
2021-07-13 20:59:35 INFO  com.tampro.Elasticsearch01Application - Starting Elasticsearch01Application using Java 15.0.1 on Admin with PID 11704 (D:\elasticsearch-01\Elasticsearch-01\bin\main started by Admin in D:\elasticsearch-01\Elasticsearch-01)
2021-07-13 20:59:35 INFO  com.tampro.Elasticsearch01Application - No active profile set, falling back to default profiles: default
2021-07-13 20:59:35 INFO  com.tampro.Elasticsearch01Application - Started Elasticsearch01Application in 0.311 seconds (JVM running for 1336.284)
2021-07-13 21:00:35 INFO  com.tampro.Elasticsearch01Application - Starting Elasticsearch01Application using Java 15.0.1 on Admin with PID 11704 (D:\elasticsearch-01\Elasticsearch-01\bin\main started by Admin in D:\elasticsearch-01\Elasticsearch-01)
2021-07-13 21:00:35 INFO  com.tampro.Elasticsearch01Application - No active profile set, falling back to default profiles: default
2021-07-13 21:00:35 INFO  com.tampro.Elasticsearch01Application - Started Elasticsearch01Application in 0.249 seconds (JVM running for 1396.426)
2021-07-13 21:00:52 INFO  com.tampro.Elasticsearch01Application - Starting Elasticsearch01Application using Java 15.0.1 on Admin with PID 11704 (D:\elasticsearch-01\Elasticsearch-01\bin\main started by Admin in D:\elasticsearch-01\Elasticsearch-01)
2021-07-13 21:00:52 INFO  com.tampro.Elasticsearch01Application - No active profile set, falling back to default profiles: default
2021-07-13 21:00:52 INFO  com.tampro.Elasticsearch01Application - Started Elasticsearch01Application in 0.263 seconds (JVM running for 1413.438)
2021-07-13 21:01:26 INFO  com.tampro.Elasticsearch01Application - Starting Elasticsearch01Application using Java 15.0.1 on Admin with PID 11704 (D:\elasticsearch-01\Elasticsearch-01\bin\main started by Admin in D:\elasticsearch-01\Elasticsearch-01)
2021-07-13 21:01:26 INFO  com.tampro.Elasticsearch01Application - No active profile set, falling back to default profiles: default
2021-07-13 21:01:26 INFO  com.tampro.Elasticsearch01Application - Started Elasticsearch01Application in 0.288 seconds (JVM running for 1447.822)
2021-07-13 21:01:33 INFO  com.tampro.Elasticsearch01Application - Starting Elasticsearch01Application using Java 15.0.1 on Admin with PID 11704 (D:\elasticsearch-01\Elasticsearch-01\bin\main started by Admin in D:\elasticsearch-01\Elasticsearch-01)
2021-07-13 21:01:33 INFO  com.tampro.Elasticsearch01Application - No active profile set, falling back to default profiles: default
2021-07-13 21:01:33 INFO  com.tampro.Elasticsearch01Application - Started Elasticsearch01Application in 0.346 seconds (JVM running for 1454.75)
2021-07-13 21:01:38 INFO  com.tampro.Elasticsearch01Application - Starting Elasticsearch01Application using Java 15.0.1 on Admin with PID 11704 (D:\elasticsearch-01\Elasticsearch-01\bin\main started by Admin in D:\elasticsearch-01\Elasticsearch-01)
2021-07-13 21:01:38 INFO  com.tampro.Elasticsearch01Application - No active profile set, falling back to default profiles: default
2021-07-13 21:01:38 INFO  com.tampro.Elasticsearch01Application - Started Elasticsearch01Application in 0.321 seconds (JVM running for 1459.643)
2021-07-13 21:01:53 INFO  com.tampro.Elasticsearch01Application - Starting Elasticsearch01Application using Java 15.0.1 on Admin with PID 11704 (D:\elasticsearch-01\Elasticsearch-01\bin\main started by Admin in D:\elasticsearch-01\Elasticsearch-01)
2021-07-13 21:01:53 INFO  com.tampro.Elasticsearch01Application - No active profile set, falling back to default profiles: default
2021-07-13 21:01:53 INFO  com.tampro.Elasticsearch01Application - Started Elasticsearch01Application in 0.327 seconds (JVM running for 1474.648)
2021-07-13 21:02:32 INFO  com.tampro.Elasticsearch01Application - Starting Elasticsearch01Application using Java 15.0.1 on Admin with PID 11704 (D:\elasticsearch-01\Elasticsearch-01\bin\main started by Admin in D:\elasticsearch-01\Elasticsearch-01)
2021-07-13 21:02:32 INFO  com.tampro.Elasticsearch01Application - No active profile set, falling back to default profiles: default
2021-07-13 21:02:32 INFO  com.tampro.Elasticsearch01Application - Started Elasticsearch01Application in 0.276 seconds (JVM running for 1513.847)
2021-07-13 21:03:26 INFO  com.tampro.Elasticsearch01Application - Starting Elasticsearch01Application using Java 15.0.1 on Admin with PID 11704 (D:\elasticsearch-01\Elasticsearch-01\bin\main started by Admin in D:\elasticsearch-01\Elasticsearch-01)
2021-07-13 21:03:26 INFO  com.tampro.Elasticsearch01Application - No active profile set, falling back to default profiles: default
2021-07-13 21:03:26 INFO  com.tampro.Elasticsearch01Application - Started Elasticsearch01Application in 0.274 seconds (JVM running for 1567.868)
2021-07-13 21:03:43 INFO  com.tampro.Elasticsearch01Application - Starting Elasticsearch01Application using Java 15.0.1 on Admin with PID 11704 (D:\elasticsearch-01\Elasticsearch-01\bin\main started by Admin in D:\elasticsearch-01\Elasticsearch-01)
2021-07-13 21:03:43 INFO  com.tampro.Elasticsearch01Application - No active profile set, falling back to default profiles: default
2021-07-13 21:03:43 INFO  com.tampro.Elasticsearch01Application - Started Elasticsearch01Application in 0.278 seconds (JVM running for 1584.807)
2021-07-13 21:04:22 INFO  com.tampro.Elasticsearch01Application - Starting Elasticsearch01Application using Java 15.0.1 on Admin with PID 11704 (D:\elasticsearch-01\Elasticsearch-01\bin\main started by Admin in D:\elasticsearch-01\Elasticsearch-01)
2021-07-13 21:04:22 INFO  com.tampro.Elasticsearch01Application - No active profile set, falling back to default profiles: default
2021-07-13 21:04:23 INFO  com.tampro.Elasticsearch01Application - Started Elasticsearch01Application in 0.285 seconds (JVM running for 1624.169)
2021-07-13 21:04:24 INFO  com.tampro.Elasticsearch01Application - Starting Elasticsearch01Application using Java 15.0.1 on Admin with PID 11704 (D:\elasticsearch-01\Elasticsearch-01\bin\main started by Admin in D:\elasticsearch-01\Elasticsearch-01)
2021-07-13 21:04:24 INFO  com.tampro.Elasticsearch01Application - No active profile set, falling back to default profiles: default
2021-07-13 21:04:24 INFO  com.tampro.Elasticsearch01Application - Started Elasticsearch01Application in 0.257 seconds (JVM running for 1625.903)
2021-07-13 21:04:41 INFO  com.tampro.Elasticsearch01Application - Starting Elasticsearch01Application using Java 15.0.1 on Admin with PID 11704 (D:\elasticsearch-01\Elasticsearch-01\bin\main started by Admin in D:\elasticsearch-01\Elasticsearch-01)
2021-07-13 21:04:41 INFO  com.tampro.Elasticsearch01Application - No active profile set, falling back to default profiles: default
2021-07-13 21:04:41 INFO  com.tampro.Elasticsearch01Application - Started Elasticsearch01Application in 0.251 seconds (JVM running for 1642.904)
2021-07-13 21:04:51 INFO  com.tampro.Elasticsearch01Application - Starting Elasticsearch01Application using Java 15.0.1 on Admin with PID 11704 (D:\elasticsearch-01\Elasticsearch-01\bin\main started by Admin in D:\elasticsearch-01\Elasticsearch-01)
2021-07-13 21:04:51 INFO  com.tampro.Elasticsearch01Application - No active profile set, falling back to default profiles: default
2021-07-13 21:04:51 INFO  com.tampro.Elasticsearch01Application - Started Elasticsearch01Application in 0.28 seconds (JVM running for 1652.831)
2021-07-13 21:05:03 INFO  com.tampro.Elasticsearch01Application - Starting Elasticsearch01Application using Java 15.0.1 on Admin with PID 11704 (D:\elasticsearch-01\Elasticsearch-01\bin\main started by Admin in D:\elasticsearch-01\Elasticsearch-01)
2021-07-13 21:05:03 INFO  com.tampro.Elasticsearch01Application - No active profile set, falling back to default profiles: default
2021-07-13 21:05:03 INFO  com.tampro.Elasticsearch01Application - Started Elasticsearch01Application in 0.274 seconds (JVM running for 1664.68)
2021-07-13 21:06:47 INFO  com.tampro.Elasticsearch01Application - Starting Elasticsearch01Application using Java 15.0.1 on Admin with PID 11704 (D:\elasticsearch-01\Elasticsearch-01\bin\main started by Admin in D:\elasticsearch-01\Elasticsearch-01)
2021-07-13 21:06:47 INFO  com.tampro.Elasticsearch01Application - No active profile set, falling back to default profiles: default
2021-07-13 21:06:47 INFO  com.tampro.Elasticsearch01Application - Started Elasticsearch01Application in 0.317 seconds (JVM running for 1768.451)
2021-07-13 21:07:02 INFO  com.tampro.Elasticsearch01Application - Starting Elasticsearch01Application using Java 15.0.1 on Admin with PID 11704 (D:\elasticsearch-01\Elasticsearch-01\bin\main started by Admin in D:\elasticsearch-01\Elasticsearch-01)
2021-07-13 21:07:02 INFO  com.tampro.Elasticsearch01Application - No active profile set, falling back to default profiles: default
2021-07-13 21:07:02 INFO  com.tampro.Elasticsearch01Application - Started Elasticsearch01Application in 0.262 seconds (JVM running for 1783.45)
2021-07-13 21:10:25 INFO  com.tampro.Elasticsearch01Application - Starting Elasticsearch01Application using Java 15.0.1 on Admin with PID 11704 (D:\elasticsearch-01\Elasticsearch-01\bin\main started by Admin in D:\elasticsearch-01\Elasticsearch-01)
2021-07-13 21:10:25 INFO  com.tampro.Elasticsearch01Application - No active profile set, falling back to default profiles: default
2021-07-13 21:10:26 INFO  com.tampro.Elasticsearch01Application - Started Elasticsearch01Application in 0.646 seconds (JVM running for 1987.081)
2021-07-13 22:04:02 INFO  com.tampro.Elasticsearch01Application - Starting Elasticsearch01Application using Java 15.0.1 on Admin with PID 11704 (D:\elasticsearch-01\Elasticsearch-01\bin\main started by Admin in D:\elasticsearch-01\Elasticsearch-01)
2021-07-13 22:04:02 INFO  com.tampro.Elasticsearch01Application - No active profile set, falling back to default profiles: default
2021-07-13 22:04:03 INFO  com.tampro.Elasticsearch01Application - Started Elasticsearch01Application in 0.529 seconds (JVM running for 5204.157)
2021-07-13 22:04:13 INFO  com.tampro.Elasticsearch01Application - Starting Elasticsearch01Application using Java 15.0.1 on Admin with PID 11704 (D:\elasticsearch-01\Elasticsearch-01\bin\main started by Admin in D:\elasticsearch-01\Elasticsearch-01)
2021-07-13 22:04:13 INFO  com.tampro.Elasticsearch01Application - No active profile set, falling back to default profiles: default
2021-07-13 22:04:14 INFO  com.tampro.Elasticsearch01Application - Started Elasticsearch01Application in 0.538 seconds (JVM running for 5215.32)
2021-07-13 22:04:35 INFO  com.tampro.Elasticsearch01Application - Starting Elasticsearch01Application using Java 15.0.1 on Admin with PID 11704 (D:\elasticsearch-01\Elasticsearch-01\bin\main started by Admin in D:\elasticsearch-01\Elasticsearch-01)
2021-07-13 22:04:35 INFO  com.tampro.Elasticsearch01Application - No active profile set, falling back to default profiles: default
2021-07-13 22:04:36 INFO  com.tampro.Elasticsearch01Application - Started Elasticsearch01Application in 0.27 seconds (JVM running for 5237.326)
2021-07-13 22:04:53 INFO  com.tampro.Elasticsearch01Application - Starting Elasticsearch01Application using Java 15.0.1 on Admin with PID 11704 (D:\elasticsearch-01\Elasticsearch-01\bin\main started by Admin in D:\elasticsearch-01\Elasticsearch-01)
2021-07-13 22:04:53 INFO  com.tampro.Elasticsearch01Application - No active profile set, falling back to default profiles: default
2021-07-13 22:04:54 INFO  com.tampro.Elasticsearch01Application - Started Elasticsearch01Application in 0.275 seconds (JVM running for 5255.164)
2021-07-13 22:05:41 INFO  com.tampro.Elasticsearch01Application - Starting Elasticsearch01Application using Java 15.0.1 on Admin with PID 11704 (D:\elasticsearch-01\Elasticsearch-01\bin\main started by Admin in D:\elasticsearch-01\Elasticsearch-01)
2021-07-13 22:05:41 INFO  com.tampro.Elasticsearch01Application - No active profile set, falling back to default profiles: default
2021-07-13 22:05:42 INFO  com.tampro.Elasticsearch01Application - Started Elasticsearch01Application in 0.269 seconds (JVM running for 5303.215)
2021-07-13 22:06:05 INFO  com.tampro.Elasticsearch01Application - Starting Elasticsearch01Application using Java 15.0.1 on Admin with PID 11704 (D:\elasticsearch-01\Elasticsearch-01\bin\main started by Admin in D:\elasticsearch-01\Elasticsearch-01)
2021-07-13 22:06:05 INFO  com.tampro.Elasticsearch01Application - No active profile set, falling back to default profiles: default
2021-07-13 22:06:06 INFO  com.tampro.Elasticsearch01Application - Started Elasticsearch01Application in 0.284 seconds (JVM running for 5327.127)
2021-07-13 22:06:15 INFO  com.tampro.Elasticsearch01Application - Starting Elasticsearch01Application using Java 15.0.1 on Admin with PID 11704 (D:\elasticsearch-01\Elasticsearch-01\bin\main started by Admin in D:\elasticsearch-01\Elasticsearch-01)
2021-07-13 22:06:15 INFO  com.tampro.Elasticsearch01Application - No active profile set, falling back to default profiles: default
2021-07-13 22:06:15 INFO  com.tampro.Elasticsearch01Application - Started Elasticsearch01Application in 0.274 seconds (JVM running for 5336.948)
2021-07-13 22:06:56 INFO  com.tampro.Elasticsearch01Application - Starting Elasticsearch01Application using Java 15.0.1 on Admin with PID 11704 (D:\elasticsearch-01\Elasticsearch-01\bin\main started by Admin in D:\elasticsearch-01\Elasticsearch-01)
2021-07-13 22:06:56 INFO  com.tampro.Elasticsearch01Application - No active profile set, falling back to default profiles: default
2021-07-13 22:06:56 INFO  com.tampro.Elasticsearch01Application - Started Elasticsearch01Application in 0.273 seconds (JVM running for 5377.381)
2021-07-13 22:07:16 INFO  com.tampro.Elasticsearch01Application - Starting Elasticsearch01Application using Java 15.0.1 on Admin with PID 11704 (D:\elasticsearch-01\Elasticsearch-01\bin\main started by Admin in D:\elasticsearch-01\Elasticsearch-01)
2021-07-13 22:07:16 INFO  com.tampro.Elasticsearch01Application - No active profile set, falling back to default profiles: default
2021-07-13 22:09:41 INFO  com.tampro.Elasticsearch01Application - Starting Elasticsearch01Application using Java 15.0.1 on Admin with PID 11704 (D:\elasticsearch-01\Elasticsearch-01\bin\main started by Admin in D:\elasticsearch-01\Elasticsearch-01)
2021-07-13 22:09:41 INFO  com.tampro.Elasticsearch01Application - No active profile set, falling back to default profiles: default
2021-07-13 22:09:48 INFO  com.tampro.Elasticsearch01Application - Starting Elasticsearch01Application using Java 15.0.1 on Admin with PID 11704 (D:\elasticsearch-01\Elasticsearch-01\bin\main started by Admin in D:\elasticsearch-01\Elasticsearch-01)
2021-07-13 22:09:48 INFO  com.tampro.Elasticsearch01Application - No active profile set, falling back to default profiles: default
2021-07-13 22:12:00 INFO  com.tampro.Elasticsearch01Application - Starting Elasticsearch01Application using Java 15.0.1 on Admin with PID 11704 (D:\elasticsearch-01\Elasticsearch-01\bin\main started by Admin in D:\elasticsearch-01\Elasticsearch-01)
2021-07-13 22:12:00 INFO  com.tampro.Elasticsearch01Application - No active profile set, falling back to default profiles: default
2021-07-13 22:12:48 INFO  com.tampro.Elasticsearch01Application - Starting Elasticsearch01Application using Java 15.0.1 on Admin with PID 11704 (D:\elasticsearch-01\Elasticsearch-01\bin\main started by Admin in D:\elasticsearch-01\Elasticsearch-01)
2021-07-13 22:12:48 INFO  com.tampro.Elasticsearch01Application - No active profile set, falling back to default profiles: default
2021-07-13 22:13:05 INFO  com.tampro.Elasticsearch01Application - Starting Elasticsearch01Application using Java 15.0.1 on Admin with PID 11704 (D:\elasticsearch-01\Elasticsearch-01\bin\main started by Admin in D:\elasticsearch-01\Elasticsearch-01)
2021-07-13 22:13:05 INFO  com.tampro.Elasticsearch01Application - No active profile set, falling back to default profiles: default
2021-07-13 22:13:58 INFO  com.tampro.Elasticsearch01Application - Starting Elasticsearch01Application using Java 15.0.1 on Admin with PID 11704 (D:\elasticsearch-01\Elasticsearch-01\bin\main started by Admin in D:\elasticsearch-01\Elasticsearch-01)
2021-07-13 22:13:58 INFO  com.tampro.Elasticsearch01Application - No active profile set, falling back to default profiles: default
2021-07-13 22:14:00 INFO  com.tampro.Elasticsearch01Application - Starting Elasticsearch01Application using Java 15.0.1 on Admin with PID 11704 (D:\elasticsearch-01\Elasticsearch-01\bin\main started by Admin in D:\elasticsearch-01\Elasticsearch-01)
2021-07-13 22:14:00 INFO  com.tampro.Elasticsearch01Application - No active profile set, falling back to default profiles: default
2021-07-13 22:14:18 INFO  com.tampro.Elasticsearch01Application - Starting Elasticsearch01Application using Java 15.0.1 on Admin with PID 11704 (D:\elasticsearch-01\Elasticsearch-01\bin\main started by Admin in D:\elasticsearch-01\Elasticsearch-01)
2021-07-13 22:14:18 INFO  com.tampro.Elasticsearch01Application - No active profile set, falling back to default profiles: default
2021-07-13 22:14:25 INFO  com.tampro.Elasticsearch01Application - Starting Elasticsearch01Application using Java 15.0.1 on Admin with PID 11704 (D:\elasticsearch-01\Elasticsearch-01\bin\main started by Admin in D:\elasticsearch-01\Elasticsearch-01)
2021-07-13 22:14:25 INFO  com.tampro.Elasticsearch01Application - No active profile set, falling back to default profiles: default
2021-07-13 22:14:37 INFO  com.tampro.Elasticsearch01Application - Starting Elasticsearch01Application using Java 15.0.1 on Admin with PID 11704 (D:\elasticsearch-01\Elasticsearch-01\bin\main started by Admin in D:\elasticsearch-01\Elasticsearch-01)
2021-07-13 22:14:37 INFO  com.tampro.Elasticsearch01Application - No active profile set, falling back to default profiles: default
2021-07-13 22:14:49 INFO  com.tampro.Elasticsearch01Application - Starting Elasticsearch01Application using Java 15.0.1 on Admin with PID 11704 (D:\elasticsearch-01\Elasticsearch-01\bin\main started by Admin in D:\elasticsearch-01\Elasticsearch-01)
2021-07-13 22:14:49 INFO  com.tampro.Elasticsearch01Application - No active profile set, falling back to default profiles: default
2021-07-13 22:15:24 INFO  com.tampro.Elasticsearch01Application - Starting Elasticsearch01Application using Java 15.0.1 on Admin with PID 11704 (D:\elasticsearch-01\Elasticsearch-01\bin\main started by Admin in D:\elasticsearch-01\Elasticsearch-01)
2021-07-13 22:15:24 INFO  com.tampro.Elasticsearch01Application - No active profile set, falling back to default profiles: default
2021-07-13 22:15:36 INFO  com.tampro.Elasticsearch01Application - Starting Elasticsearch01Application using Java 15.0.1 on Admin with PID 11704 (D:\elasticsearch-01\Elasticsearch-01\bin\main started by Admin in D:\elasticsearch-01\Elasticsearch-01)
2021-07-13 22:15:36 INFO  com.tampro.Elasticsearch01Application - No active profile set, falling back to default profiles: default
2021-07-13 22:17:21 INFO  com.tampro.Elasticsearch01Application - Starting Elasticsearch01Application using Java 15.0.1 on Admin with PID 11704 (D:\elasticsearch-01\Elasticsearch-01\bin\main started by Admin in D:\elasticsearch-01\Elasticsearch-01)
2021-07-13 22:17:21 INFO  com.tampro.Elasticsearch01Application - No active profile set, falling back to default profiles: default
2021-07-13 22:17:35 INFO  com.tampro.Elasticsearch01Application - Starting Elasticsearch01Application using Java 15.0.1 on Admin with PID 11704 (D:\elasticsearch-01\Elasticsearch-01\bin\main started by Admin in D:\elasticsearch-01\Elasticsearch-01)
2021-07-13 22:17:35 INFO  com.tampro.Elasticsearch01Application - No active profile set, falling back to default profiles: default
2021-07-13 22:17:59 INFO  com.tampro.Elasticsearch01Application - Starting Elasticsearch01Application using Java 15.0.1 on Admin with PID 11704 (D:\elasticsearch-01\Elasticsearch-01\bin\main started by Admin in D:\elasticsearch-01\Elasticsearch-01)
2021-07-13 22:17:59 INFO  com.tampro.Elasticsearch01Application - No active profile set, falling back to default profiles: default
2021-07-13 22:18:54 INFO  com.tampro.Elasticsearch01Application - Starting Elasticsearch01Application using Java 15.0.1 on Admin with PID 11704 (D:\elasticsearch-01\Elasticsearch-01\bin\main started by Admin in D:\elasticsearch-01\Elasticsearch-01)
2021-07-13 22:18:54 INFO  com.tampro.Elasticsearch01Application - No active profile set, falling back to default profiles: default
2021-07-13 22:19:00 INFO  com.tampro.Elasticsearch01Application - Starting Elasticsearch01Application using Java 15.0.1 on Admin with PID 11704 (D:\elasticsearch-01\Elasticsearch-01\bin\main started by Admin in D:\elasticsearch-01\Elasticsearch-01)
2021-07-13 22:19:00 INFO  com.tampro.Elasticsearch01Application - No active profile set, falling back to default profiles: default
2021-07-13 22:19:09 INFO  com.tampro.Elasticsearch01Application - Starting Elasticsearch01Application using Java 15.0.1 on Admin with PID 11704 (D:\elasticsearch-01\Elasticsearch-01\bin\main started by Admin in D:\elasticsearch-01\Elasticsearch-01)
2021-07-13 22:19:09 INFO  com.tampro.Elasticsearch01Application - No active profile set, falling back to default profiles: default
2021-07-13 22:19:14 INFO  com.tampro.Elasticsearch01Application - Starting Elasticsearch01Application using Java 15.0.1 on Admin with PID 11704 (D:\elasticsearch-01\Elasticsearch-01\bin\main started by Admin in D:\elasticsearch-01\Elasticsearch-01)
2021-07-13 22:19:14 INFO  com.tampro.Elasticsearch01Application - No active profile set, falling back to default profiles: default
2021-07-13 22:19:18 INFO  com.tampro.Elasticsearch01Application - Starting Elasticsearch01Application using Java 15.0.1 on Admin with PID 11704 (D:\elasticsearch-01\Elasticsearch-01\bin\main started by Admin in D:\elasticsearch-01\Elasticsearch-01)
2021-07-13 22:19:18 INFO  com.tampro.Elasticsearch01Application - No active profile set, falling back to default profiles: default
2021-07-13 22:19:48 INFO  com.tampro.Elasticsearch01Application - Starting Elasticsearch01Application using Java 15.0.1 on Admin with PID 11704 (D:\elasticsearch-01\Elasticsearch-01\bin\main started by Admin in D:\elasticsearch-01\Elasticsearch-01)
2021-07-13 22:19:48 INFO  com.tampro.Elasticsearch01Application - No active profile set, falling back to default profiles: default
2021-07-13 22:19:51 INFO  com.tampro.Elasticsearch01Application - Starting Elasticsearch01Application using Java 15.0.1 on Admin with PID 11704 (D:\elasticsearch-01\Elasticsearch-01\bin\main started by Admin in D:\elasticsearch-01\Elasticsearch-01)
2021-07-13 22:19:51 INFO  com.tampro.Elasticsearch01Application - No active profile set, falling back to default profiles: default
2021-07-13 22:20:01 INFO  com.tampro.Elasticsearch01Application - Starting Elasticsearch01Application using Java 15.0.1 on Admin with PID 11704 (D:\elasticsearch-01\Elasticsearch-01\bin\main started by Admin in D:\elasticsearch-01\Elasticsearch-01)
2021-07-13 22:20:01 INFO  com.tampro.Elasticsearch01Application - No active profile set, falling back to default profiles: default
2021-07-13 22:20:16 INFO  com.tampro.Elasticsearch01Application - Starting Elasticsearch01Application using Java 15.0.1 on Admin with PID 11704 (D:\elasticsearch-01\Elasticsearch-01\bin\main started by Admin in D:\elasticsearch-01\Elasticsearch-01)
2021-07-13 22:20:16 INFO  com.tampro.Elasticsearch01Application - No active profile set, falling back to default profiles: default
2021-07-13 22:22:03 INFO  com.tampro.Elasticsearch01Application - Starting Elasticsearch01Application using Java 15.0.1 on Admin with PID 11704 (D:\elasticsearch-01\Elasticsearch-01\bin\main started by Admin in D:\elasticsearch-01\Elasticsearch-01)
2021-07-13 22:22:03 INFO  com.tampro.Elasticsearch01Application - No active profile set, falling back to default profiles: default
2021-07-13 22:22:37 INFO  com.tampro.Elasticsearch01Application - Starting Elasticsearch01Application using Java 15.0.1 on Admin with PID 11704 (D:\elasticsearch-01\Elasticsearch-01\bin\main started by Admin in D:\elasticsearch-01\Elasticsearch-01)
2021-07-13 22:22:37 INFO  com.tampro.Elasticsearch01Application - No active profile set, falling back to default profiles: default
2021-07-13 22:22:42 INFO  com.tampro.Elasticsearch01Application - Starting Elasticsearch01Application using Java 15.0.1 on Admin with PID 11704 (D:\elasticsearch-01\Elasticsearch-01\bin\main started by Admin in D:\elasticsearch-01\Elasticsearch-01)
2021-07-13 22:22:42 INFO  com.tampro.Elasticsearch01Application - No active profile set, falling back to default profiles: default
2021-07-13 22:22:43 INFO  com.tampro.Elasticsearch01Application - Starting Elasticsearch01Application using Java 15.0.1 on Admin with PID 11704 (D:\elasticsearch-01\Elasticsearch-01\bin\main started by Admin in D:\elasticsearch-01\Elasticsearch-01)
2021-07-13 22:22:43 INFO  com.tampro.Elasticsearch01Application - No active profile set, falling back to default profiles: default
2021-07-13 22:23:05 INFO  com.tampro.Elasticsearch01Application - Starting Elasticsearch01Application using Java 15.0.1 on Admin with PID 11704 (D:\elasticsearch-01\Elasticsearch-01\bin\main started by Admin in D:\elasticsearch-01\Elasticsearch-01)
2021-07-13 22:23:05 INFO  com.tampro.Elasticsearch01Application - No active profile set, falling back to default profiles: default
2021-07-13 22:24:00 INFO  com.tampro.Elasticsearch01Application - Starting Elasticsearch01Application using Java 15.0.1 on Admin with PID 11704 (D:\elasticsearch-01\Elasticsearch-01\bin\main started by Admin in D:\elasticsearch-01\Elasticsearch-01)
2021-07-13 22:24:00 INFO  com.tampro.Elasticsearch01Application - No active profile set, falling back to default profiles: default
2021-07-13 22:24:04 INFO  com.tampro.Elasticsearch01Application - Starting Elasticsearch01Application using Java 15.0.1 on Admin with PID 11704 (D:\elasticsearch-01\Elasticsearch-01\bin\main started by Admin in D:\elasticsearch-01\Elasticsearch-01)
2021-07-13 22:24:04 INFO  com.tampro.Elasticsearch01Application - No active profile set, falling back to default profiles: default
2021-07-13 22:24:06 INFO  com.tampro.Elasticsearch01Application - Starting Elasticsearch01Application using Java 15.0.1 on Admin with PID 11704 (D:\elasticsearch-01\Elasticsearch-01\bin\main started by Admin in D:\elasticsearch-01\Elasticsearch-01)
2021-07-13 22:24:06 INFO  com.tampro.Elasticsearch01Application - No active profile set, falling back to default profiles: default
2021-07-13 22:24:39 INFO  com.tampro.Elasticsearch01Application - Starting Elasticsearch01Application using Java 15.0.1 on Admin with PID 11704 (D:\elasticsearch-01\Elasticsearch-01\bin\main started by Admin in D:\elasticsearch-01\Elasticsearch-01)
2021-07-13 22:24:39 INFO  com.tampro.Elasticsearch01Application - No active profile set, falling back to default profiles: default
2021-07-13 22:24:58 INFO  com.tampro.Elasticsearch01Application - Starting Elasticsearch01Application using Java 15.0.1 on Admin with PID 11704 (D:\elasticsearch-01\Elasticsearch-01\bin\main started by Admin in D:\elasticsearch-01\Elasticsearch-01)
2021-07-13 22:24:58 INFO  com.tampro.Elasticsearch01Application - No active profile set, falling back to default profiles: default
2021-07-13 22:26:11 INFO  com.tampro.Elasticsearch01Application - Starting Elasticsearch01Application using Java 15.0.1 on Admin with PID 11704 (D:\elasticsearch-01\Elasticsearch-01\bin\main started by Admin in D:\elasticsearch-01\Elasticsearch-01)
2021-07-13 22:26:11 INFO  com.tampro.Elasticsearch01Application - No active profile set, falling back to default profiles: default
2021-07-13 22:26:16 INFO  com.tampro.Elasticsearch01Application - Starting Elasticsearch01Application using Java 15.0.1 on Admin with PID 11704 (D:\elasticsearch-01\Elasticsearch-01\bin\main started by Admin in D:\elasticsearch-01\Elasticsearch-01)
2021-07-13 22:26:16 INFO  com.tampro.Elasticsearch01Application - No active profile set, falling back to default profiles: default
2021-07-13 22:26:36 INFO  com.tampro.Elasticsearch01Application - Starting Elasticsearch01Application using Java 15.0.1 on Admin with PID 11704 (D:\elasticsearch-01\Elasticsearch-01\bin\main started by Admin in D:\elasticsearch-01\Elasticsearch-01)
2021-07-13 22:26:36 INFO  com.tampro.Elasticsearch01Application - No active profile set, falling back to default profiles: default
2021-07-13 22:26:56 INFO  com.tampro.Elasticsearch01Application - Starting Elasticsearch01Application using Java 15.0.1 on Admin with PID 11704 (D:\elasticsearch-01\Elasticsearch-01\bin\main started by Admin in D:\elasticsearch-01\Elasticsearch-01)
2021-07-13 22:26:56 INFO  com.tampro.Elasticsearch01Application - No active profile set, falling back to default profiles: default
2021-07-13 22:26:58 INFO  com.tampro.Elasticsearch01Application - Starting Elasticsearch01Application using Java 15.0.1 on Admin with PID 11704 (D:\elasticsearch-01\Elasticsearch-01\bin\main started by Admin in D:\elasticsearch-01\Elasticsearch-01)
2021-07-13 22:26:58 INFO  com.tampro.Elasticsearch01Application - No active profile set, falling back to default profiles: default
2021-07-13 22:27:25 INFO  com.tampro.Elasticsearch01Application - Starting Elasticsearch01Application using Java 15.0.1 on Admin with PID 11704 (D:\elasticsearch-01\Elasticsearch-01\bin\main started by Admin in D:\elasticsearch-01\Elasticsearch-01)
2021-07-13 22:27:25 INFO  com.tampro.Elasticsearch01Application - No active profile set, falling back to default profiles: default
2021-07-13 22:27:47 INFO  com.tampro.Elasticsearch01Application - Starting Elasticsearch01Application using Java 15.0.1 on Admin with PID 11704 (D:\elasticsearch-01\Elasticsearch-01\bin\main started by Admin in D:\elasticsearch-01\Elasticsearch-01)
2021-07-13 22:27:47 INFO  com.tampro.Elasticsearch01Application - No active profile set, falling back to default profiles: default
2021-07-13 22:28:10 INFO  com.tampro.Elasticsearch01Application - Starting Elasticsearch01Application using Java 15.0.1 on Admin with PID 11704 (D:\elasticsearch-01\Elasticsearch-01\bin\main started by Admin in D:\elasticsearch-01\Elasticsearch-01)
2021-07-13 22:28:10 INFO  com.tampro.Elasticsearch01Application - No active profile set, falling back to default profiles: default
2021-07-13 22:28:57 INFO  com.tampro.Elasticsearch01Application - Starting Elasticsearch01Application using Java 15.0.1 on Admin with PID 11704 (D:\elasticsearch-01\Elasticsearch-01\bin\main started by Admin in D:\elasticsearch-01\Elasticsearch-01)
2021-07-13 22:28:57 INFO  com.tampro.Elasticsearch01Application - No active profile set, falling back to default profiles: default
2021-07-13 22:29:00 INFO  com.tampro.Elasticsearch01Application - Starting Elasticsearch01Application using Java 15.0.1 on Admin with PID 11704 (D:\elasticsearch-01\Elasticsearch-01\bin\main started by Admin in D:\elasticsearch-01\Elasticsearch-01)
2021-07-13 22:29:00 INFO  com.tampro.Elasticsearch01Application - No active profile set, falling back to default profiles: default
2021-07-13 22:29:41 INFO  com.tampro.Elasticsearch01Application - Starting Elasticsearch01Application using Java 15.0.1 on Admin with PID 11704 (D:\elasticsearch-01\Elasticsearch-01\bin\main started by Admin in D:\elasticsearch-01\Elasticsearch-01)
2021-07-13 22:29:41 INFO  com.tampro.Elasticsearch01Application - No active profile set, falling back to default profiles: default
2021-07-13 22:31:26 INFO  com.tampro.Elasticsearch01Application - Starting Elasticsearch01Application using Java 15.0.1 on Admin with PID 11704 (D:\elasticsearch-01\Elasticsearch-01\bin\main started by Admin in D:\elasticsearch-01\Elasticsearch-01)
2021-07-13 22:31:26 INFO  com.tampro.Elasticsearch01Application - No active profile set, falling back to default profiles: default
2021-07-13 22:34:32 INFO  com.tampro.Elasticsearch01Application - Starting Elasticsearch01Application using Java 15.0.1 on Admin with PID 7772 (D:\elasticsearch-01\Elasticsearch-01\bin\main started by Admin in D:\elasticsearch-01\Elasticsearch-01)
2021-07-13 22:34:32 INFO  com.tampro.Elasticsearch01Application - No active profile set, falling back to default profiles: default
2021-07-13 22:34:53 INFO  com.tampro.Elasticsearch01Application - Starting Elasticsearch01Application using Java 15.0.1 on Admin with PID 12792 (D:\elasticsearch-01\Elasticsearch-01\bin\main started by Admin in D:\elasticsearch-01\Elasticsearch-01)
2021-07-13 22:34:53 INFO  com.tampro.Elasticsearch01Application - No active profile set, falling back to default profiles: default
